[0m13:26:36.190856 [debug] [MainThread]: Sending event: {'category': 'dbt', 'action': 'invocation', 'label': 'start', 'context': [<snowplow_tracker.self_describing_json.SelfDescribingJson object at 0x1038c7230>, <snowplow_tracker.self_describing_json.SelfDescribingJson object at 0x10509b750>, <snowplow_tracker.self_describing_json.SelfDescribingJson object at 0x10509b610>]}


============================== 13:26:36.195547 | dc6d92a6-6691-4de5-800b-09fc6fadf873 ==============================
[0m13:26:36.195547 [info ] [MainThread]: Running with dbt=1.11.7
[0m13:26:36.196193 [debug] [MainThread]: running dbt with arguments {'log_format': 'default', 'partial_parse': 'True', 'use_colors': 'True', 'indirect_selection': 'eager', 'cache_selected_only': 'False', 'static_parser': 'True', 'invocation_command': 'dbt init --skip-profile-setup airbnb', 'printer_width': '80', 'version_check': 'True', 'use_experimental_parser': 'False', 'target_path': 'None', 'introspect': 'True', 'no_print': 'None', 'log_cache_events': 'False', 'debug': 'False', 'log_path': 'logs', 'send_anonymous_usage_stats': 'True', 'quiet': 'False', 'fail_fast': 'False', 'warn_error': 'None', 'empty': 'None', 'write_json': 'True', 'warn_error_options': 'WarnErrorOptionsV2(error=[], warn=[], silence=[])', 'profiles_dir': '/Users/jm/.dbt'}
[0m13:26:36.268562 [info ] [MainThread]: Creating dbt configuration folder at /Users/jm/.dbt
[0m13:26:36.271251 [debug] [MainThread]: Starter project path: /Users/jm/Documents/GitHub/dbt-course/.venv/lib/python3.13/site-packages/dbt/include/starter_project
[0m13:26:36.281312 [info ] [MainThread]: 
Your new dbt project "airbnb" was created!

For more information on how to configure the profiles.yml file,
please consult the dbt documentation here:

  https://docs.getdbt.com/docs/configure-your-profile

One more thing:

Need help? Don't hesitate to reach out to us via GitHub issues or on Slack:

  https://community.getdbt.com/

Happy modeling!

[0m13:26:36.282115 [debug] [MainThread]: Resource report: {"command_name": "init", "command_success": true, "command_wall_clock_time": 0.17546847, "process_in_blocks": "0", "process_kernel_time": 0.151537, "process_mem_max_rss": "109109248", "process_out_blocks": "0", "process_user_time": 1.290347}
[0m13:26:36.282683 [debug] [MainThread]: Command `dbt init` succeeded at 13:26:36.282552 after 0.18 seconds
[0m13:26:36.283093 [debug] [MainThread]: Sending event: {'category': 'dbt', 'action': 'invocation', 'label': 'end', 'context': [<snowplow_tracker.self_describing_json.SelfDescribingJson object at 0x105248180>, <snowplow_tracker.self_describing_json.SelfDescribingJson object at 0x10520ca70>, <snowplow_tracker.self_describing_json.SelfDescribingJson object at 0x1051485a0>]}
[0m13:26:36.283509 [debug] [MainThread]: Flushing usage events
[0m13:26:36.448764 [debug] [MainThread]: An error was encountered while trying to flush usage events
